<?xml version="1.0" encoding="UTF-8"?>
<testng-results skipped="0" failed="0" total="1" passed="1">
  <reporter-output>
  </reporter-output>
  <suite name="Default suite" duration-ms="16966" started-at="2016-01-23T05:32:51Z" finished-at="2016-01-23T05:33:08Z">
    <groups>
    </groups>
    <test name="Default test" duration-ms="16966" started-at="2016-01-23T05:32:51Z" finished-at="2016-01-23T05:33:08Z">
      <class name="com.pomlearning.www.testcases.ChangePassword">
        <test-method status="PASS" signature="checkRunmode()[pri:0, instance:com.pomlearning.www.testcases.ChangePassword@3ac3fd8b]" name="checkRunmode" is-config="true" duration-ms="8201" started-at="2016-01-22T21:32:51Z" finished-at="2016-01-22T21:33:00Z">
          <reporter-output>
          </reporter-output>
        </test-method> <!-- checkRunmode -->
        <test-method status="PASS" signature="testChangePassword()[pri:0, instance:com.pomlearning.www.testcases.ChangePassword@3ac3fd8b]" name="testChangePassword" duration-ms="8753" started-at="2016-01-22T21:33:00Z" finished-at="2016-01-22T21:33:08Z">
          <reporter-output>
          </reporter-output>
        </test-method> <!-- testChangePassword -->
      </class> <!-- com.pomlearning.www.testcases.ChangePassword -->
    </test> <!-- Default test -->
  </suite> <!-- Default suite -->
</testng-results>
