<?xml version="1.0" encoding="UTF-8"?>
<testng-results skipped="0" failed="0" total="0" passed="0">
  <reporter-output>
  </reporter-output>
  <suite name="Command line suite" duration-ms="1019" started-at="2016-01-20T16:34:00Z" finished-at="2016-01-20T16:34:01Z">
    <groups>
    </groups>
    <test name="Command line test" duration-ms="1019" started-at="2016-01-20T16:34:00Z" finished-at="2016-01-20T16:34:01Z">
      <class name="POMLearning.com.pomlearning.www.AppTest">
        <test-method status="PASS" signature="checkRunmode()" name="checkRunmode" is-config="true" duration-ms="1016" started-at="2016-01-20T16:34:00Z" finished-at="2016-01-20T16:34:01Z">
        </test-method>
      </class>
    </test>
  </suite>
</testng-results>
